<?xml version="1.0" encoding="UTF-8"?>
<coverage generated="1736776530989" clover="3.2.0">
  <project timestamp="1736776530989" name="All files">
    <metrics statements="104" coveredstatements="104" conditionals="49" coveredconditionals="48" methods="16" coveredmethods="16" elements="169" coveredelements="168" complexity="0" loc="104" ncloc="104" packages="1" files="1" classes="1"/>
    <file name="index.js" path="C:\Users\gaelt\Desktop\quality-env-tests\src\index.js">
      <metrics statements="104" coveredstatements="104" conditionals="49" coveredconditionals="48" methods="16" coveredmethods="16"/>
      <line num="4" count="1" type="stmt"/>
      <line num="5" count="3" type="stmt"/>
      <line num="11" count="1" type="stmt"/>
      <line num="12" count="4" type="cond" truecount="4" falsecount="0"/>
      <line num="13" count="2" type="stmt"/>
      <line num="15" count="2" type="stmt"/>
      <line num="21" count="1" type="cond" truecount="0" falsecount="1"/>
      <line num="22" count="12" type="stmt"/>
      <line num="23" count="12" type="cond" truecount="2" falsecount="0"/>
      <line num="24" count="2" type="stmt"/>
      <line num="26" count="10" type="stmt"/>
      <line num="27" count="61" type="stmt"/>
      <line num="29" count="10" type="stmt"/>
      <line num="35" count="2" type="stmt"/>
      <line num="40" count="1" type="stmt"/>
      <line num="41" count="2" type="stmt"/>
      <line num="42" count="2" type="stmt"/>
      <line num="43" count="5" type="stmt"/>
      <line num="45" count="2" type="stmt"/>
      <line num="51" count="1" type="stmt"/>
      <line num="52" count="3" type="cond" truecount="2" falsecount="0"/>
      <line num="53" count="2" type="stmt"/>
      <line num="55" count="1" type="stmt"/>
      <line num="61" count="1" type="stmt"/>
      <line num="62" count="21" type="cond" truecount="2" falsecount="0"/>
      <line num="63" count="2" type="stmt"/>
      <line num="65" count="19" type="cond" truecount="4" falsecount="0"/>
      <line num="66" count="12" type="stmt"/>
      <line num="68" count="7" type="stmt"/>
      <line num="74" count="1" type="stmt"/>
      <line num="75" count="1" type="stmt"/>
      <line num="76" count="1" type="stmt"/>
      <line num="77" count="1" type="stmt"/>
      <line num="78" count="26" type="stmt"/>
      <line num="80" count="1" type="stmt"/>
      <line num="86" count="1" type="stmt"/>
      <line num="87" count="2" type="stmt"/>
      <line num="88" count="2" type="stmt"/>
      <line num="89" count="3" type="stmt"/>
      <line num="91" count="2" type="stmt"/>
      <line num="97" count="1" type="stmt"/>
      <line num="98" count="2" type="stmt"/>
      <line num="99" count="2" type="stmt"/>
      <line num="100" count="11" type="stmt"/>
      <line num="103" count="11" type="cond" truecount="4" falsecount="0"/>
      <line num="104" count="2" type="stmt"/>
      <line num="106" count="11" type="cond" truecount="4" falsecount="0"/>
      <line num="107" count="4" type="stmt"/>
      <line num="109" count="11" type="cond" truecount="4" falsecount="0"/>
      <line num="110" count="2" type="stmt"/>
      <line num="112" count="11" type="cond" truecount="2" falsecount="0"/>
      <line num="113" count="1" type="stmt"/>
      <line num="116" count="2" type="stmt"/>
      <line num="123" count="11" type="cond" truecount="2" falsecount="0"/>
      <line num="124" count="4" type="stmt"/>
      <line num="125" count="4" type="stmt"/>
      <line num="126" count="4" type="stmt"/>
      <line num="128" count="4" type="stmt"/>
      <line num="129" count="9" type="cond" truecount="2" falsecount="0"/>
      <line num="130" count="5" type="stmt"/>
      <line num="132" count="4" type="stmt"/>
      <line num="139" count="16" type="cond" truecount="2" falsecount="0"/>
      <line num="140" count="10" type="stmt"/>
      <line num="141" count="10" type="stmt"/>
      <line num="142" count="15" type="stmt"/>
      <line num="143" count="15" type="stmt"/>
      <line num="144" count="15" type="stmt"/>
      <line num="145" count="18" type="stmt"/>
      <line num="148" count="10" type="stmt"/>
      <line num="152" count="1" type="stmt"/>
      <line num="153" count="1" type="stmt"/>
      <line num="154" count="1" type="stmt"/>
      <line num="155" count="1" type="stmt"/>
      <line num="157" count="1" type="stmt"/>
      <line num="158" count="6" type="stmt"/>
      <line num="159" count="6" type="stmt"/>
      <line num="160" count="12" type="stmt"/>
      <line num="163" count="6" type="stmt"/>
      <line num="165" count="6" type="cond" truecount="2" falsecount="0"/>
      <line num="166" count="1" type="stmt"/>
      <line num="167" count="1" type="stmt"/>
      <line num="170" count="1" type="stmt"/>
      <line num="177" count="37652" type="stmt"/>
      <line num="178" count="163074" type="cond" truecount="4" falsecount="0"/>
      <line num="179" count="32043" type="stmt"/>
      <line num="182" count="5609" type="stmt"/>
      <line num="183" count="5609" type="stmt"/>
      <line num="184" count="5609" type="stmt"/>
      <line num="185" count="15636" type="stmt"/>
      <line num="186" count="45420" type="cond" truecount="2" falsecount="0"/>
      <line num="187" count="1401" type="stmt"/>
      <line num="191" count="4208" type="stmt"/>
      <line num="195" count="4209" type="stmt"/>
      <line num="196" count="16962" type="stmt"/>
      <line num="197" count="139258" type="cond" truecount="2" falsecount="0"/>
      <line num="198" count="4208" type="stmt"/>
      <line num="199" count="37652" type="cond" truecount="2" falsecount="0"/>
      <line num="200" count="4208" type="stmt"/>
      <line num="201" count="4208" type="cond" truecount="2" falsecount="0"/>
      <line num="202" count="51" type="stmt"/>
      <line num="204" count="4157" type="stmt"/>
      <line num="207" count="4157" type="stmt"/>
      <line num="211" count="1" type="stmt"/>
      <line num="217" count="1" type="stmt"/>
    </file>
  </project>
</coverage>
