<?xml version="1.0" encoding="UTF-8"?>
<coverage generated="1736781378020" clover="3.2.0">
  <project timestamp="1736781378020" name="All files">
    <metrics statements="139" coveredstatements="136" conditionals="78" coveredconditionals="72" methods="17" coveredmethods="17" elements="234" coveredelements="225" complexity="0" loc="139" ncloc="139" packages="1" files="1" classes="1"/>
    <file name="index.js" path="C:\Users\gaelt\Desktop\quality-env-tests\src\index.js">
      <metrics statements="139" coveredstatements="136" conditionals="78" coveredconditionals="72" methods="17" coveredmethods="17"/>
      <line num="4" count="1" type="stmt"/>
      <line num="6" count="3" type="stmt"/>
      <line num="12" count="1" type="stmt"/>
      <line num="14" count="4" type="cond" truecount="4" falsecount="0"/>
      <line num="15" count="1" type="stmt"/>
      <line num="18" count="3" type="cond" truecount="4" falsecount="0"/>
      <line num="19" count="1" type="stmt"/>
      <line num="21" count="2" type="stmt"/>
      <line num="27" count="1" type="cond" truecount="1" falsecount="0"/>
      <line num="28" count="11" type="cond" truecount="1" falsecount="1"/>
      <line num="29" count="0" type="stmt"/>
      <line num="31" count="11" type="stmt"/>
      <line num="32" count="11" type="stmt"/>
      <line num="33" count="59" type="stmt"/>
      <line num="35" count="11" type="stmt"/>
      <line num="41" count="2" type="stmt"/>
      <line num="46" count="1" type="stmt"/>
      <line num="48" count="3" type="cond" truecount="2" falsecount="0"/>
      <line num="49" count="1" type="stmt"/>
      <line num="51" count="2" type="stmt"/>
      <line num="52" count="2" type="stmt"/>
      <line num="53" count="5" type="stmt"/>
      <line num="55" count="2" type="stmt"/>
      <line num="61" count="1" type="stmt"/>
      <line num="63" count="4" type="cond" truecount="2" falsecount="0"/>
      <line num="64" count="2" type="cond" truecount="2" falsecount="0"/>
      <line num="66" count="2" type="cond" truecount="2" falsecount="0"/>
      <line num="73" count="1" type="stmt"/>
      <line num="75" count="1664081" type="cond" truecount="4" falsecount="0"/>
      <line num="76" count="2" type="stmt"/>
      <line num="78" count="1664079" type="cond" truecount="1" falsecount="1"/>
      <line num="79" count="0" type="stmt"/>
      <line num="81" count="1664079" type="cond" truecount="4" falsecount="0"/>
      <line num="82" count="832040" type="stmt"/>
      <line num="84" count="832039" type="stmt"/>
      <line num="90" count="1" type="stmt"/>
      <line num="91" count="1" type="stmt"/>
      <line num="92" count="1" type="stmt"/>
      <line num="93" count="1" type="stmt"/>
      <line num="94" count="26" type="stmt"/>
      <line num="96" count="1" type="stmt"/>
      <line num="102" count="1" type="stmt"/>
      <line num="104" count="3" type="cond" truecount="2" falsecount="0"/>
      <line num="105" count="1" type="stmt"/>
      <line num="108" count="2" type="stmt"/>
      <line num="109" count="2" type="stmt"/>
      <line num="110" count="4" type="stmt"/>
      <line num="112" count="2" type="stmt"/>
      <line num="118" count="1" type="stmt"/>
      <line num="119" count="3" type="stmt"/>
      <line num="120" count="3" type="stmt"/>
      <line num="121" count="8" type="stmt"/>
      <line num="123" count="8" type="cond" truecount="8" falsecount="1"/>
      <line num="127" count="7" type="stmt"/>
      <line num="130" count="3" type="stmt"/>
      <line num="137" count="20" type="cond" truecount="2" falsecount="0"/>
      <line num="138" count="8" type="stmt"/>
      <line num="139" count="8" type="stmt"/>
      <line num="140" count="8" type="stmt"/>
      <line num="142" count="8" type="stmt"/>
      <line num="143" count="15" type="cond" truecount="2" falsecount="0"/>
      <line num="144" count="7" type="stmt"/>
      <line num="146" count="8" type="stmt"/>
      <line num="153" count="7" type="cond" truecount="2" falsecount="0"/>
      <line num="154" count="4" type="stmt"/>
      <line num="155" count="4" type="stmt"/>
      <line num="156" count="5" type="stmt"/>
      <line num="157" count="5" type="stmt"/>
      <line num="158" count="5" type="stmt"/>
      <line num="159" count="5" type="stmt"/>
      <line num="162" count="4" type="stmt"/>
      <line num="166" count="3" type="stmt"/>
      <line num="169" count="3" type="cond" truecount="2" falsecount="0"/>
      <line num="170" count="1" type="stmt"/>
      <line num="173" count="2" type="stmt"/>
      <line num="174" count="2" type="stmt"/>
      <line num="175" count="2" type="stmt"/>
      <line num="177" count="2" type="stmt"/>
      <line num="178" count="3" type="stmt"/>
      <line num="179" count="3" type="stmt"/>
      <line num="180" count="2" type="stmt"/>
      <line num="184" count="3" type="stmt"/>
      <line num="186" count="3" type="cond" truecount="2" falsecount="0"/>
      <line num="187" count="2" type="stmt"/>
      <line num="188" count="2" type="stmt"/>
      <line num="191" count="2" type="stmt"/>
      <line num="200" count="2" type="stmt"/>
      <line num="201" count="10" type="stmt"/>
      <line num="202" count="10" type="stmt"/>
      <line num="203" count="83" type="stmt"/>
      <line num="204" count="83" type="cond" truecount="3" falsecount="1"/>
      <line num="205" count="83" type="cond" truecount="2" falsecount="0"/>
      <line num="206" count="82" type="stmt"/>
      <line num="210" count="1" type="stmt"/>
      <line num="211" count="9" type="stmt"/>
      <line num="212" count="9" type="stmt"/>
      <line num="213" count="81" type="stmt"/>
      <line num="214" count="81" type="cond" truecount="1" falsecount="1"/>
      <line num="215" count="81" type="stmt"/>
      <line num="219" count="1" type="stmt"/>
      <line num="220" count="3" type="stmt"/>
      <line num="221" count="9" type="stmt"/>
      <line num="222" count="9" type="stmt"/>
      <line num="223" count="27" type="stmt"/>
      <line num="224" count="81" type="stmt"/>
      <line num="225" count="81" type="cond" truecount="1" falsecount="1"/>
      <line num="226" count="81" type="stmt"/>
      <line num="231" count="1" type="stmt"/>
      <line num="236" count="3195" type="stmt"/>
      <line num="237" count="14291" type="cond" truecount="4" falsecount="0"/>
      <line num="238" count="2540" type="stmt"/>
      <line num="242" count="655" type="stmt"/>
      <line num="243" count="655" type="stmt"/>
      <line num="244" count="655" type="stmt"/>
      <line num="245" count="1446" type="stmt"/>
      <line num="246" count="4131" type="cond" truecount="2" falsecount="0"/>
      <line num="247" count="264" type="stmt"/>
      <line num="251" count="391" type="stmt"/>
      <line num="256" count="393" type="stmt"/>
      <line num="257" count="393" type="stmt"/>
      <line num="258" count="1280" type="stmt"/>
      <line num="259" count="10765" type="cond" truecount="2" falsecount="0"/>
      <line num="260" count="391" type="stmt"/>
      <line num="261" count="391" type="stmt"/>
      <line num="264" count="1280" type="cond" truecount="2" falsecount="0"/>
      <line num="267" count="393" type="cond" truecount="2" falsecount="0"/>
      <line num="268" count="2" type="stmt"/>
      <line num="272" count="391" type="stmt"/>
      <line num="273" count="1262" type="stmt"/>
      <line num="274" count="10603" type="cond" truecount="2" falsecount="0"/>
      <line num="275" count="391" type="stmt"/>
      <line num="276" count="3195" type="cond" truecount="2" falsecount="0"/>
      <line num="277" count="391" type="stmt"/>
      <line num="278" count="391" type="cond" truecount="2" falsecount="0"/>
      <line num="279" count="81" type="stmt"/>
      <line num="281" count="310" type="stmt"/>
      <line num="285" count="310" type="stmt"/>
      <line num="289" count="0" type="stmt"/>
      <line num="295" count="1" type="stmt"/>
    </file>
  </project>
</coverage>
