{"C:\\Users\\gaelt\\Desktop\\quality-env-tests\\src\\index.js": {"path":"C:\\Users\\gaelt\\Desktop\\quality-env-tests\\src\\index.js","statementMap":{"0":{"start":{"line":4,"column":27},"end":{"line":7,"column":1}},"1":{"start":{"line":6,"column":2},"end":{"line":6,"column":21}},"2":{"start":{"line":12,"column":12},"end":{"line":22,"column":1}},"3":{"start":{"line":14,"column":2},"end":{"line":16,"column":3}},"4":{"start":{"line":15,"column":4},"end":{"line":15,"column":13}},"5":{"start":{"line":18,"column":2},"end":{"line":20,"column":3}},"6":{"start":{"line":19,"column":4},"end":{"line":19,"column":13}},"7":{"start":{"line":21,"column":2},"end":{"line":21,"column":15}},"8":{"start":{"line":27,"column":24},"end":{"line":36,"column":1}},"9":{"start":{"line":28,"column":2},"end":{"line":30,"column":3}},"10":{"start":{"line":29,"column":4},"end":{"line":29,"column":13}},"11":{"start":{"line":31,"column":14},"end":{"line":31,"column":15}},"12":{"start":{"line":32,"column":2},"end":{"line":34,"column":3}},"13":{"start":{"line":33,"column":4},"end":{"line":33,"column":12}},"14":{"start":{"line":35,"column":2},"end":{"line":35,"column":15}},"15":{"start":{"line":41,"column":27},"end":{"line":41,"column":61}},"16":{"start":{"line":41,"column":33},"end":{"line":41,"column":61}},"17":{"start":{"line":46,"column":25},"end":{"line":56,"column":1}},"18":{"start":{"line":48,"column":2},"end":{"line":50,"column":3}},"19":{"start":{"line":49,"column":4},"end":{"line":49,"column":14}},"20":{"start":{"line":51,"column":17},"end":{"line":51,"column":19}},"21":{"start":{"line":52,"column":2},"end":{"line":54,"column":3}},"22":{"start":{"line":52,"column":15},"end":{"line":52,"column":16}},"23":{"start":{"line":53,"column":4},"end":{"line":53,"column":23}},"24":{"start":{"line":55,"column":2},"end":{"line":55,"column":16}},"25":{"start":{"line":61,"column":25},"end":{"line":67,"column":1}},"26":{"start":{"line":63,"column":2},"end":{"line":65,"column":3}},"27":{"start":{"line":64,"column":4},"end":{"line":64,"column":56}},"28":{"start":{"line":66,"column":2},"end":{"line":66,"column":43}},"29":{"start":{"line":73,"column":13},"end":{"line":85,"column":1}},"30":{"start":{"line":75,"column":2},"end":{"line":77,"column":3}},"31":{"start":{"line":76,"column":4},"end":{"line":76,"column":13}},"32":{"start":{"line":78,"column":2},"end":{"line":80,"column":3}},"33":{"start":{"line":79,"column":4},"end":{"line":79,"column":13}},"34":{"start":{"line":81,"column":2},"end":{"line":83,"column":3}},"35":{"start":{"line":82,"column":4},"end":{"line":82,"column":13}},"36":{"start":{"line":84,"column":2},"end":{"line":84,"column":35}},"37":{"start":{"line":90,"column":35},"end":{"line":97,"column":1}},"38":{"start":{"line":91,"column":16},"end":{"line":91,"column":36}},"39":{"start":{"line":92,"column":21},"end":{"line":92,"column":23}},"40":{"start":{"line":93,"column":2},"end":{"line":95,"column":3}},"41":{"start":{"line":93,"column":15},"end":{"line":93,"column":37}},"42":{"start":{"line":94,"column":4},"end":{"line":94,"column":33}},"43":{"start":{"line":96,"column":2},"end":{"line":96,"column":22}},"44":{"start":{"line":102,"column":26},"end":{"line":113,"column":1}},"45":{"start":{"line":104,"column":2},"end":{"line":106,"column":3}},"46":{"start":{"line":105,"column":4},"end":{"line":105,"column":13}},"47":{"start":{"line":108,"column":10},"end":{"line":108,"column":11}},"48":{"start":{"line":109,"column":2},"end":{"line":111,"column":3}},"49":{"start":{"line":110,"column":4},"end":{"line":110,"column":8}},"50":{"start":{"line":112,"column":2},"end":{"line":112,"column":11}},"51":{"start":{"line":118,"column":29},"end":{"line":131,"column":1}},"52":{"start":{"line":119,"column":18},"end":{"line":119,"column":20}},"53":{"start":{"line":120,"column":2},"end":{"line":129,"column":3}},"54":{"start":{"line":120,"column":15},"end":{"line":120,"column":16}},"55":{"start":{"line":121,"column":20},"end":{"line":121,"column":26}},"56":{"start":{"line":123,"column":4},"end":{"line":128,"column":5}},"57":{"start":{"line":127,"column":6},"end":{"line":127,"column":49}},"58":{"start":{"line":130,"column":2},"end":{"line":130,"column":26}},"59":{"start":{"line":137,"column":2},"end":{"line":137,"column":34}},"60":{"start":{"line":137,"column":23},"end":{"line":137,"column":34}},"61":{"start":{"line":138,"column":14},"end":{"line":138,"column":33}},"62":{"start":{"line":139,"column":13},"end":{"line":139,"column":15}},"63":{"start":{"line":140,"column":14},"end":{"line":140,"column":16}},"64":{"start":{"line":142,"column":2},"end":{"line":145,"column":3}},"65":{"start":{"line":142,"column":15},"end":{"line":142,"column":16}},"66":{"start":{"line":143,"column":4},"end":{"line":144,"column":28}},"67":{"start":{"line":143,"column":24},"end":{"line":143,"column":42}},"68":{"start":{"line":144,"column":9},"end":{"line":144,"column":28}},"69":{"start":{"line":146,"column":2},"end":{"line":146,"column":58}},"70":{"start":{"line":153,"column":2},"end":{"line":153,"column":36}},"71":{"start":{"line":153,"column":24},"end":{"line":153,"column":36}},"72":{"start":{"line":154,"column":15},"end":{"line":154,"column":17}},"73":{"start":{"line":155,"column":2},"end":{"line":161,"column":3}},"74":{"start":{"line":155,"column":15},"end":{"line":155,"column":16}},"75":{"start":{"line":156,"column":16},"end":{"line":156,"column":56}},"76":{"start":{"line":157,"column":17},"end":{"line":157,"column":32}},"77":{"start":{"line":158,"column":4},"end":{"line":160,"column":5}},"78":{"start":{"line":158,"column":17},"end":{"line":158,"column":18}},"79":{"start":{"line":159,"column":6},"end":{"line":159,"column":46}},"80":{"start":{"line":162,"column":2},"end":{"line":162,"column":16}},"81":{"start":{"line":166,"column":15},"end":{"line":166,"column":37}},"82":{"start":{"line":169,"column":2},"end":{"line":171,"column":3}},"83":{"start":{"line":170,"column":4},"end":{"line":170,"column":63}},"84":{"start":{"line":173,"column":21},"end":{"line":173,"column":37}},"85":{"start":{"line":174,"column":20},"end":{"line":174,"column":28}},"86":{"start":{"line":175,"column":29},"end":{"line":175,"column":31}},"87":{"start":{"line":177,"column":2},"end":{"line":190,"column":5}},"88":{"start":{"line":178,"column":25},"end":{"line":178,"column":26}},"89":{"start":{"line":179,"column":4},"end":{"line":181,"column":5}},"90":{"start":{"line":179,"column":17},"end":{"line":179,"column":18}},"91":{"start":{"line":180,"column":6},"end":{"line":180,"column":60}},"92":{"start":{"line":184,"column":4},"end":{"line":184,"column":70}},"93":{"start":{"line":186,"column":4},"end":{"line":189,"column":5}},"94":{"start":{"line":187,"column":6},"end":{"line":187,"column":35}},"95":{"start":{"line":188,"column":6},"end":{"line":188,"column":36}},"96":{"start":{"line":191,"column":2},"end":{"line":191,"column":47}},"97":{"start":{"line":200,"column":2},"end":{"line":208,"column":3}},"98":{"start":{"line":200,"column":17},"end":{"line":200,"column":18}},"99":{"start":{"line":201,"column":17},"end":{"line":201,"column":26}},"100":{"start":{"line":202,"column":4},"end":{"line":207,"column":5}},"101":{"start":{"line":202,"column":19},"end":{"line":202,"column":20}},"102":{"start":{"line":203,"column":16},"end":{"line":203,"column":32}},"103":{"start":{"line":204,"column":6},"end":{"line":204,"column":43}},"104":{"start":{"line":204,"column":30},"end":{"line":204,"column":43}},"105":{"start":{"line":205,"column":6},"end":{"line":205,"column":38}},"106":{"start":{"line":205,"column":25},"end":{"line":205,"column":38}},"107":{"start":{"line":206,"column":6},"end":{"line":206,"column":20}},"108":{"start":{"line":210,"column":2},"end":{"line":217,"column":3}},"109":{"start":{"line":210,"column":17},"end":{"line":210,"column":18}},"110":{"start":{"line":211,"column":17},"end":{"line":211,"column":26}},"111":{"start":{"line":212,"column":4},"end":{"line":216,"column":5}},"112":{"start":{"line":212,"column":19},"end":{"line":212,"column":20}},"113":{"start":{"line":213,"column":16},"end":{"line":213,"column":32}},"114":{"start":{"line":214,"column":6},"end":{"line":214,"column":38}},"115":{"start":{"line":214,"column":25},"end":{"line":214,"column":38}},"116":{"start":{"line":215,"column":6},"end":{"line":215,"column":20}},"117":{"start":{"line":219,"column":2},"end":{"line":230,"column":3}},"118":{"start":{"line":219,"column":22},"end":{"line":219,"column":23}},"119":{"start":{"line":220,"column":4},"end":{"line":229,"column":5}},"120":{"start":{"line":220,"column":24},"end":{"line":220,"column":25}},"121":{"start":{"line":221,"column":19},"end":{"line":221,"column":28}},"122":{"start":{"line":222,"column":6},"end":{"line":228,"column":7}},"123":{"start":{"line":222,"column":19},"end":{"line":222,"column":27}},"124":{"start":{"line":223,"column":8},"end":{"line":227,"column":9}},"125":{"start":{"line":223,"column":21},"end":{"line":223,"column":29}},"126":{"start":{"line":224,"column":20},"end":{"line":224,"column":32}},"127":{"start":{"line":225,"column":10},"end":{"line":225,"column":42}},"128":{"start":{"line":225,"column":29},"end":{"line":225,"column":42}},"129":{"start":{"line":226,"column":10},"end":{"line":226,"column":24}},"130":{"start":{"line":231,"column":2},"end":{"line":231,"column":14}},"131":{"start":{"line":236,"column":2},"end":{"line":240,"column":3}},"132":{"start":{"line":236,"column":15},"end":{"line":236,"column":16}},"133":{"start":{"line":237,"column":4},"end":{"line":239,"column":5}},"134":{"start":{"line":238,"column":6},"end":{"line":238,"column":19}},"135":{"start":{"line":242,"column":17},"end":{"line":242,"column":42}},"136":{"start":{"line":243,"column":17},"end":{"line":243,"column":40}},"137":{"start":{"line":244,"column":2},"end":{"line":250,"column":3}},"138":{"start":{"line":244,"column":15},"end":{"line":244,"column":23}},"139":{"start":{"line":245,"column":4},"end":{"line":249,"column":5}},"140":{"start":{"line":245,"column":17},"end":{"line":245,"column":25}},"141":{"start":{"line":246,"column":6},"end":{"line":248,"column":7}},"142":{"start":{"line":247,"column":8},"end":{"line":247,"column":21}},"143":{"start":{"line":251,"column":2},"end":{"line":251,"column":14}},"144":{"start":{"line":256,"column":18},"end":{"line":256,"column":23}},"145":{"start":{"line":257,"column":2},"end":{"line":265,"column":3}},"146":{"start":{"line":257,"column":17},"end":{"line":257,"column":18}},"147":{"start":{"line":258,"column":4},"end":{"line":263,"column":5}},"148":{"start":{"line":258,"column":19},"end":{"line":258,"column":20}},"149":{"start":{"line":259,"column":6},"end":{"line":262,"column":7}},"150":{"start":{"line":260,"column":8},"end":{"line":260,"column":25}},"151":{"start":{"line":261,"column":8},"end":{"line":261,"column":14}},"152":{"start":{"line":264,"column":4},"end":{"line":264,"column":25}},"153":{"start":{"line":264,"column":19},"end":{"line":264,"column":25}},"154":{"start":{"line":267,"column":2},"end":{"line":269,"column":3}},"155":{"start":{"line":268,"column":4},"end":{"line":268,"column":45}},"156":{"start":{"line":272,"column":2},"end":{"line":288,"column":3}},"157":{"start":{"line":272,"column":19},"end":{"line":272,"column":20}},"158":{"start":{"line":273,"column":4},"end":{"line":287,"column":5}},"159":{"start":{"line":273,"column":19},"end":{"line":273,"column":20}},"160":{"start":{"line":274,"column":6},"end":{"line":286,"column":7}},"161":{"start":{"line":275,"column":8},"end":{"line":283,"column":9}},"162":{"start":{"line":275,"column":23},"end":{"line":275,"column":24}},"163":{"start":{"line":276,"column":10},"end":{"line":282,"column":11}},"164":{"start":{"line":277,"column":12},"end":{"line":277,"column":37}},"165":{"start":{"line":278,"column":12},"end":{"line":280,"column":13}},"166":{"start":{"line":279,"column":14},"end":{"line":279,"column":26}},"167":{"start":{"line":281,"column":12},"end":{"line":281,"column":35}},"168":{"start":{"line":285,"column":8},"end":{"line":285,"column":21}},"169":{"start":{"line":289,"column":2},"end":{"line":289,"column":14}},"170":{"start":{"line":295,"column":0},"end":{"line":311,"column":2}}},"fnMap":{"0":{"name":"(anonymous_0)","decl":{"start":{"line":4,"column":27},"end":{"line":4,"column":28}},"loc":{"start":{"line":4,"column":36},"end":{"line":7,"column":1}},"line":4},"1":{"name":"(anonymous_1)","decl":{"start":{"line":12,"column":12},"end":{"line":12,"column":13}},"loc":{"start":{"line":12,"column":22},"end":{"line":22,"column":1}},"line":12},"2":{"name":"(anonymous_2)","decl":{"start":{"line":27,"column":24},"end":{"line":27,"column":25}},"loc":{"start":{"line":27,"column":38},"end":{"line":36,"column":1}},"line":27},"3":{"name":"(anonymous_3)","decl":{"start":{"line":41,"column":27},"end":{"line":41,"column":28}},"loc":{"start":{"line":41,"column":33},"end":{"line":41,"column":61}},"line":41},"4":{"name":"(anonymous_4)","decl":{"start":{"line":46,"column":25},"end":{"line":46,"column":26}},"loc":{"start":{"line":46,"column":34},"end":{"line":56,"column":1}},"line":46},"5":{"name":"(anonymous_5)","decl":{"start":{"line":61,"column":25},"end":{"line":61,"column":26}},"loc":{"start":{"line":61,"column":34},"end":{"line":67,"column":1}},"line":61},"6":{"name":"(anonymous_6)","decl":{"start":{"line":73,"column":13},"end":{"line":73,"column":14}},"loc":{"start":{"line":73,"column":20},"end":{"line":85,"column":1}},"line":73},"7":{"name":"(anonymous_7)","decl":{"start":{"line":90,"column":35},"end":{"line":90,"column":36}},"loc":{"start":{"line":90,"column":41},"end":{"line":97,"column":1}},"line":90},"8":{"name":"(anonymous_8)","decl":{"start":{"line":102,"column":26},"end":{"line":102,"column":27}},"loc":{"start":{"line":102,"column":35},"end":{"line":113,"column":1}},"line":102},"9":{"name":"(anonymous_9)","decl":{"start":{"line":118,"column":29},"end":{"line":118,"column":30}},"loc":{"start":{"line":118,"column":38},"end":{"line":131,"column":1}},"line":118},"10":{"name":"quickSort","decl":{"start":{"line":136,"column":9},"end":{"line":136,"column":18}},"loc":{"start":{"line":136,"column":24},"end":{"line":147,"column":1}},"line":136},"11":{"name":"permuter","decl":{"start":{"line":152,"column":9},"end":{"line":152,"column":17}},"loc":{"start":{"line":152,"column":23},"end":{"line":163,"column":1}},"line":152},"12":{"name":"tspBrutForce","decl":{"start":{"line":165,"column":9},"end":{"line":165,"column":21}},"loc":{"start":{"line":165,"column":33},"end":{"line":192,"column":1}},"line":165},"13":{"name":"(anonymous_13)","decl":{"start":{"line":177,"column":23},"end":{"line":177,"column":24}},"loc":{"start":{"line":177,"column":33},"end":{"line":190,"column":3}},"line":177},"14":{"name":"grilleEstCompleteEtValide","decl":{"start":{"line":198,"column":9},"end":{"line":198,"column":34}},"loc":{"start":{"line":198,"column":43},"end":{"line":232,"column":1}},"line":198},"15":{"name":"estValide","decl":{"start":{"line":234,"column":9},"end":{"line":234,"column":18}},"loc":{"start":{"line":234,"column":44},"end":{"line":252,"column":1}},"line":234},"16":{"name":"resoudreSudoku","decl":{"start":{"line":254,"column":9},"end":{"line":254,"column":23}},"loc":{"start":{"line":254,"column":32},"end":{"line":290,"column":1}},"line":254}},"branchMap":{"0":{"loc":{"start":{"line":14,"column":2},"end":{"line":16,"column":3}},"type":"if","locations":[{"start":{"line":14,"column":2},"end":{"line":16,"column":3}},{"start":{},"end":{}}],"line":14},"1":{"loc":{"start":{"line":14,"column":6},"end":{"line":14,"column":52}},"type":"binary-expr","locations":[{"start":{"line":14,"column":6},"end":{"line":14,"column":27}},{"start":{"line":14,"column":31},"end":{"line":14,"column":52}}],"line":14},"2":{"loc":{"start":{"line":18,"column":2},"end":{"line":20,"column":3}},"type":"if","locations":[{"start":{"line":18,"column":2},"end":{"line":20,"column":3}},{"start":{},"end":{}}],"line":18},"3":{"loc":{"start":{"line":18,"column":6},"end":{"line":18,"column":48}},"type":"binary-expr","locations":[{"start":{"line":18,"column":6},"end":{"line":18,"column":25}},{"start":{"line":18,"column":29},"end":{"line":18,"column":48}}],"line":18},"4":{"loc":{"start":{"line":27,"column":25},"end":{"line":27,"column":33}},"type":"default-arg","locations":[{"start":{"line":27,"column":31},"end":{"line":27,"column":33}}],"line":27},"5":{"loc":{"start":{"line":28,"column":2},"end":{"line":30,"column":3}},"type":"if","locations":[{"start":{"line":28,"column":2},"end":{"line":30,"column":3}},{"start":{},"end":{}}],"line":28},"6":{"loc":{"start":{"line":48,"column":2},"end":{"line":50,"column":3}},"type":"if","locations":[{"start":{"line":48,"column":2},"end":{"line":50,"column":3}},{"start":{},"end":{}}],"line":48},"7":{"loc":{"start":{"line":63,"column":2},"end":{"line":65,"column":3}},"type":"if","locations":[{"start":{"line":63,"column":2},"end":{"line":65,"column":3}},{"start":{},"end":{}}],"line":63},"8":{"loc":{"start":{"line":64,"column":11},"end":{"line":64,"column":55}},"type":"cond-expr","locations":[{"start":{"line":64,"column":33},"end":{"line":64,"column":43}},{"start":{"line":64,"column":46},"end":{"line":64,"column":55}}],"line":64},"9":{"loc":{"start":{"line":66,"column":9},"end":{"line":66,"column":42}},"type":"cond-expr","locations":[{"start":{"line":66,"column":20},"end":{"line":66,"column":30}},{"start":{"line":66,"column":33},"end":{"line":66,"column":42}}],"line":66},"10":{"loc":{"start":{"line":75,"column":2},"end":{"line":77,"column":3}},"type":"if","locations":[{"start":{"line":75,"column":2},"end":{"line":77,"column":3}},{"start":{},"end":{}}],"line":75},"11":{"loc":{"start":{"line":75,"column":6},"end":{"line":75,"column":50}},"type":"binary-expr","locations":[{"start":{"line":75,"column":6},"end":{"line":75,"column":27}},{"start":{"line":75,"column":31},"end":{"line":75,"column":50}}],"line":75},"12":{"loc":{"start":{"line":78,"column":2},"end":{"line":80,"column":3}},"type":"if","locations":[{"start":{"line":78,"column":2},"end":{"line":80,"column":3}},{"start":{},"end":{}}],"line":78},"13":{"loc":{"start":{"line":81,"column":2},"end":{"line":83,"column":3}},"type":"if","locations":[{"start":{"line":81,"column":2},"end":{"line":83,"column":3}},{"start":{},"end":{}}],"line":81},"14":{"loc":{"start":{"line":81,"column":6},"end":{"line":81,"column":24}},"type":"binary-expr","locations":[{"start":{"line":81,"column":6},"end":{"line":81,"column":13}},{"start":{"line":81,"column":17},"end":{"line":81,"column":24}}],"line":81},"15":{"loc":{"start":{"line":104,"column":2},"end":{"line":106,"column":3}},"type":"if","locations":[{"start":{"line":104,"column":2},"end":{"line":106,"column":3}},{"start":{},"end":{}}],"line":104},"16":{"loc":{"start":{"line":123,"column":4},"end":{"line":128,"column":5}},"type":"if","locations":[{"start":{"line":123,"column":4},"end":{"line":128,"column":5}},{"start":{},"end":{}}],"line":123},"17":{"loc":{"start":{"line":123,"column":8},"end":{"line":126,"column":23}},"type":"binary-expr","locations":[{"start":{"line":123,"column":9},"end":{"line":123,"column":22}},{"start":{"line":123,"column":26},"end":{"line":123,"column":39}},{"start":{"line":124,"column":9},"end":{"line":124,"column":22}},{"start":{"line":124,"column":26},"end":{"line":124,"column":40}},{"start":{"line":125,"column":9},"end":{"line":125,"column":22}},{"start":{"line":125,"column":26},"end":{"line":125,"column":39}},{"start":{"line":126,"column":9},"end":{"line":126,"column":23}}],"line":123},"18":{"loc":{"start":{"line":137,"column":2},"end":{"line":137,"column":34}},"type":"if","locations":[{"start":{"line":137,"column":2},"end":{"line":137,"column":34}},{"start":{},"end":{}}],"line":137},"19":{"loc":{"start":{"line":143,"column":4},"end":{"line":144,"column":28}},"type":"if","locations":[{"start":{"line":143,"column":4},"end":{"line":144,"column":28}},{"start":{"line":144,"column":9},"end":{"line":144,"column":28}}],"line":143},"20":{"loc":{"start":{"line":153,"column":2},"end":{"line":153,"column":36}},"type":"if","locations":[{"start":{"line":153,"column":2},"end":{"line":153,"column":36}},{"start":{},"end":{}}],"line":153},"21":{"loc":{"start":{"line":169,"column":2},"end":{"line":171,"column":3}},"type":"if","locations":[{"start":{"line":169,"column":2},"end":{"line":171,"column":3}},{"start":{},"end":{}}],"line":169},"22":{"loc":{"start":{"line":186,"column":4},"end":{"line":189,"column":5}},"type":"if","locations":[{"start":{"line":186,"column":4},"end":{"line":189,"column":5}},{"start":{},"end":{}}],"line":186},"23":{"loc":{"start":{"line":204,"column":6},"end":{"line":204,"column":43}},"type":"if","locations":[{"start":{"line":204,"column":6},"end":{"line":204,"column":43}},{"start":{},"end":{}}],"line":204},"24":{"loc":{"start":{"line":204,"column":10},"end":{"line":204,"column":28}},"type":"binary-expr","locations":[{"start":{"line":204,"column":10},"end":{"line":204,"column":17}},{"start":{"line":204,"column":21},"end":{"line":204,"column":28}}],"line":204},"25":{"loc":{"start":{"line":205,"column":6},"end":{"line":205,"column":38}},"type":"if","locations":[{"start":{"line":205,"column":6},"end":{"line":205,"column":38}},{"start":{},"end":{}}],"line":205},"26":{"loc":{"start":{"line":214,"column":6},"end":{"line":214,"column":38}},"type":"if","locations":[{"start":{"line":214,"column":6},"end":{"line":214,"column":38}},{"start":{},"end":{}}],"line":214},"27":{"loc":{"start":{"line":225,"column":10},"end":{"line":225,"column":42}},"type":"if","locations":[{"start":{"line":225,"column":10},"end":{"line":225,"column":42}},{"start":{},"end":{}}],"line":225},"28":{"loc":{"start":{"line":237,"column":4},"end":{"line":239,"column":5}},"type":"if","locations":[{"start":{"line":237,"column":4},"end":{"line":239,"column":5}},{"start":{},"end":{}}],"line":237},"29":{"loc":{"start":{"line":237,"column":8},"end":{"line":237,"column":58}},"type":"binary-expr","locations":[{"start":{"line":237,"column":8},"end":{"line":237,"column":32}},{"start":{"line":237,"column":36},"end":{"line":237,"column":58}}],"line":237},"30":{"loc":{"start":{"line":246,"column":6},"end":{"line":248,"column":7}},"type":"if","locations":[{"start":{"line":246,"column":6},"end":{"line":248,"column":7}},{"start":{},"end":{}}],"line":246},"31":{"loc":{"start":{"line":259,"column":6},"end":{"line":262,"column":7}},"type":"if","locations":[{"start":{"line":259,"column":6},"end":{"line":262,"column":7}},{"start":{},"end":{}}],"line":259},"32":{"loc":{"start":{"line":264,"column":4},"end":{"line":264,"column":25}},"type":"if","locations":[{"start":{"line":264,"column":4},"end":{"line":264,"column":25}},{"start":{},"end":{}}],"line":264},"33":{"loc":{"start":{"line":267,"column":2},"end":{"line":269,"column":3}},"type":"if","locations":[{"start":{"line":267,"column":2},"end":{"line":269,"column":3}},{"start":{},"end":{}}],"line":267},"34":{"loc":{"start":{"line":274,"column":6},"end":{"line":286,"column":7}},"type":"if","locations":[{"start":{"line":274,"column":6},"end":{"line":286,"column":7}},{"start":{},"end":{}}],"line":274},"35":{"loc":{"start":{"line":276,"column":10},"end":{"line":282,"column":11}},"type":"if","locations":[{"start":{"line":276,"column":10},"end":{"line":282,"column":11}},{"start":{},"end":{}}],"line":276},"36":{"loc":{"start":{"line":278,"column":12},"end":{"line":280,"column":13}},"type":"if","locations":[{"start":{"line":278,"column":12},"end":{"line":280,"column":13}},{"start":{},"end":{}}],"line":278}},"s":{"0":1,"1":3,"2":1,"3":4,"4":1,"5":3,"6":1,"7":2,"8":1,"9":11,"10":0,"11":11,"12":11,"13":59,"14":11,"15":1,"16":2,"17":1,"18":3,"19":1,"20":2,"21":2,"22":2,"23":5,"24":2,"25":1,"26":4,"27":2,"28":2,"29":1,"30":1664081,"31":2,"32":1664079,"33":0,"34":1664079,"35":832040,"36":832039,"37":1,"38":1,"39":1,"40":1,"41":1,"42":26,"43":1,"44":1,"45":3,"46":1,"47":2,"48":2,"49":4,"50":2,"51":1,"52":3,"53":3,"54":3,"55":8,"56":8,"57":7,"58":3,"59":20,"60":12,"61":8,"62":8,"63":8,"64":8,"65":8,"66":15,"67":8,"68":7,"69":8,"70":7,"71":3,"72":4,"73":4,"74":4,"75":5,"76":5,"77":5,"78":5,"79":5,"80":4,"81":3,"82":3,"83":1,"84":2,"85":2,"86":2,"87":2,"88":3,"89":3,"90":3,"91":2,"92":3,"93":3,"94":2,"95":2,"96":2,"97":2,"98":2,"99":10,"100":10,"101":10,"102":83,"103":83,"104":0,"105":83,"106":1,"107":82,"108":1,"109":1,"110":9,"111":9,"112":9,"113":81,"114":81,"115":0,"116":81,"117":1,"118":1,"119":3,"120":3,"121":9,"122":9,"123":9,"124":27,"125":27,"126":81,"127":81,"128":0,"129":81,"130":1,"131":3195,"132":3195,"133":14291,"134":2540,"135":655,"136":655,"137":655,"138":655,"139":1446,"140":1446,"141":4131,"142":264,"143":391,"144":393,"145":393,"146":393,"147":1280,"148":1280,"149":10765,"150":391,"151":391,"152":1280,"153":391,"154":393,"155":2,"156":391,"157":391,"158":1262,"159":1262,"160":10603,"161":391,"162":391,"163":3195,"164":391,"165":391,"166":81,"167":310,"168":310,"169":0,"170":1},"f":{"0":3,"1":4,"2":11,"3":2,"4":3,"5":4,"6":1664081,"7":1,"8":3,"9":3,"10":20,"11":7,"12":3,"13":3,"14":2,"15":3195,"16":393},"b":{"0":[1,3],"1":[4,3],"2":[1,2],"3":[3,2],"4":[1],"5":[0,11],"6":[1,2],"7":[2,2],"8":[1,1],"9":[1,1],"10":[2,1664079],"11":[1664081,1664079],"12":[0,1664079],"13":[832040,832039],"14":[1664079,1346268],"15":[1,2],"16":[7,1],"17":[8,5,4,1,3,0,3],"18":[12,8],"19":[8,7],"20":[3,4],"21":[1,2],"22":[2,1],"23":[0,83],"24":[83,83],"25":[1,82],"26":[0,81],"27":[0,81],"28":[2540,11751],"29":[14291,12333],"30":[264,3867],"31":[391,10374],"32":[391,889],"33":[2,391],"34":[391,10212],"35":[391,2804],"36":[81,310]},"_coverageSchema":"1a1c01bbd47fc00a2c39e90264f33305004495a9","hash":"58fdfa681d39133f13cf96db9f090603a747faf5"}
}
