{"C:\\Users\\gaelt\\Desktop\\quality-env-tests\\src\\index.js": {"path":"C:\\Users\\gaelt\\Desktop\\quality-env-tests\\src\\index.js","statementMap":{"0":{"start":{"line":4,"column":27},"end":{"line":6,"column":1}},"1":{"start":{"line":5,"column":2},"end":{"line":5,"column":18}},"2":{"start":{"line":11,"column":12},"end":{"line":16,"column":1}},"3":{"start":{"line":12,"column":2},"end":{"line":14,"column":3}},"4":{"start":{"line":13,"column":4},"end":{"line":13,"column":13}},"5":{"start":{"line":15,"column":2},"end":{"line":15,"column":15}},"6":{"start":{"line":21,"column":24},"end":{"line":30,"column":1}},"7":{"start":{"line":22,"column":14},"end":{"line":22,"column":15}},"8":{"start":{"line":23,"column":2},"end":{"line":25,"column":3}},"9":{"start":{"line":24,"column":4},"end":{"line":24,"column":17}},"10":{"start":{"line":26,"column":2},"end":{"line":28,"column":3}},"11":{"start":{"line":27,"column":4},"end":{"line":27,"column":12}},"12":{"start":{"line":29,"column":2},"end":{"line":29,"column":15}},"13":{"start":{"line":35,"column":27},"end":{"line":35,"column":61}},"14":{"start":{"line":35,"column":33},"end":{"line":35,"column":61}},"15":{"start":{"line":40,"column":25},"end":{"line":46,"column":1}},"16":{"start":{"line":41,"column":17},"end":{"line":41,"column":19}},"17":{"start":{"line":42,"column":2},"end":{"line":44,"column":3}},"18":{"start":{"line":42,"column":15},"end":{"line":42,"column":16}},"19":{"start":{"line":43,"column":4},"end":{"line":43,"column":23}},"20":{"start":{"line":45,"column":2},"end":{"line":45,"column":16}},"21":{"start":{"line":51,"column":25},"end":{"line":56,"column":1}},"22":{"start":{"line":52,"column":2},"end":{"line":54,"column":3}},"23":{"start":{"line":53,"column":4},"end":{"line":53,"column":22}},"24":{"start":{"line":55,"column":2},"end":{"line":55,"column":19}},"25":{"start":{"line":61,"column":13},"end":{"line":69,"column":1}},"26":{"start":{"line":62,"column":2},"end":{"line":64,"column":3}},"27":{"start":{"line":63,"column":4},"end":{"line":63,"column":13}},"28":{"start":{"line":65,"column":2},"end":{"line":67,"column":3}},"29":{"start":{"line":66,"column":4},"end":{"line":66,"column":13}},"30":{"start":{"line":68,"column":2},"end":{"line":68,"column":35}},"31":{"start":{"line":74,"column":35},"end":{"line":81,"column":1}},"32":{"start":{"line":75,"column":16},"end":{"line":75,"column":36}},"33":{"start":{"line":76,"column":21},"end":{"line":76,"column":23}},"34":{"start":{"line":77,"column":2},"end":{"line":79,"column":3}},"35":{"start":{"line":77,"column":15},"end":{"line":77,"column":37}},"36":{"start":{"line":78,"column":4},"end":{"line":78,"column":33}},"37":{"start":{"line":80,"column":2},"end":{"line":80,"column":22}},"38":{"start":{"line":86,"column":26},"end":{"line":92,"column":1}},"39":{"start":{"line":87,"column":10},"end":{"line":87,"column":11}},"40":{"start":{"line":88,"column":2},"end":{"line":90,"column":3}},"41":{"start":{"line":89,"column":4},"end":{"line":89,"column":8}},"42":{"start":{"line":91,"column":2},"end":{"line":91,"column":11}},"43":{"start":{"line":97,"column":29},"end":{"line":117,"column":1}},"44":{"start":{"line":98,"column":18},"end":{"line":98,"column":20}},"45":{"start":{"line":99,"column":2},"end":{"line":115,"column":3}},"46":{"start":{"line":99,"column":15},"end":{"line":99,"column":16}},"47":{"start":{"line":100,"column":20},"end":{"line":100,"column":26}},"48":{"start":{"line":103,"column":4},"end":{"line":105,"column":5}},"49":{"start":{"line":104,"column":6},"end":{"line":104,"column":47}},"50":{"start":{"line":106,"column":4},"end":{"line":108,"column":5}},"51":{"start":{"line":107,"column":6},"end":{"line":107,"column":47}},"52":{"start":{"line":109,"column":4},"end":{"line":111,"column":5}},"53":{"start":{"line":110,"column":6},"end":{"line":110,"column":47}},"54":{"start":{"line":112,"column":4},"end":{"line":114,"column":5}},"55":{"start":{"line":113,"column":6},"end":{"line":113,"column":47}},"56":{"start":{"line":116,"column":2},"end":{"line":116,"column":26}},"57":{"start":{"line":123,"column":2},"end":{"line":123,"column":34}},"58":{"start":{"line":123,"column":23},"end":{"line":123,"column":34}},"59":{"start":{"line":124,"column":14},"end":{"line":124,"column":33}},"60":{"start":{"line":125,"column":13},"end":{"line":125,"column":15}},"61":{"start":{"line":126,"column":14},"end":{"line":126,"column":16}},"62":{"start":{"line":128,"column":2},"end":{"line":131,"column":3}},"63":{"start":{"line":128,"column":15},"end":{"line":128,"column":16}},"64":{"start":{"line":129,"column":4},"end":{"line":130,"column":28}},"65":{"start":{"line":129,"column":24},"end":{"line":129,"column":42}},"66":{"start":{"line":130,"column":9},"end":{"line":130,"column":28}},"67":{"start":{"line":132,"column":2},"end":{"line":132,"column":58}},"68":{"start":{"line":139,"column":2},"end":{"line":139,"column":36}},"69":{"start":{"line":139,"column":24},"end":{"line":139,"column":36}},"70":{"start":{"line":140,"column":15},"end":{"line":140,"column":17}},"71":{"start":{"line":141,"column":2},"end":{"line":147,"column":3}},"72":{"start":{"line":141,"column":15},"end":{"line":141,"column":16}},"73":{"start":{"line":142,"column":16},"end":{"line":142,"column":56}},"74":{"start":{"line":143,"column":17},"end":{"line":143,"column":32}},"75":{"start":{"line":144,"column":4},"end":{"line":146,"column":5}},"76":{"start":{"line":144,"column":17},"end":{"line":144,"column":18}},"77":{"start":{"line":145,"column":6},"end":{"line":145,"column":46}},"78":{"start":{"line":148,"column":2},"end":{"line":148,"column":16}},"79":{"start":{"line":152,"column":15},"end":{"line":152,"column":37}},"80":{"start":{"line":153,"column":21},"end":{"line":153,"column":37}},"81":{"start":{"line":154,"column":20},"end":{"line":154,"column":28}},"82":{"start":{"line":155,"column":29},"end":{"line":155,"column":31}},"83":{"start":{"line":157,"column":2},"end":{"line":169,"column":5}},"84":{"start":{"line":158,"column":25},"end":{"line":158,"column":26}},"85":{"start":{"line":159,"column":4},"end":{"line":161,"column":5}},"86":{"start":{"line":159,"column":17},"end":{"line":159,"column":18}},"87":{"start":{"line":160,"column":6},"end":{"line":160,"column":60}},"88":{"start":{"line":163,"column":4},"end":{"line":163,"column":70}},"89":{"start":{"line":165,"column":4},"end":{"line":168,"column":5}},"90":{"start":{"line":166,"column":6},"end":{"line":166,"column":35}},"91":{"start":{"line":167,"column":6},"end":{"line":167,"column":36}},"92":{"start":{"line":170,"column":2},"end":{"line":170,"column":47}},"93":{"start":{"line":177,"column":2},"end":{"line":181,"column":3}},"94":{"start":{"line":177,"column":15},"end":{"line":177,"column":16}},"95":{"start":{"line":178,"column":4},"end":{"line":180,"column":5}},"96":{"start":{"line":179,"column":6},"end":{"line":179,"column":19}},"97":{"start":{"line":182,"column":17},"end":{"line":182,"column":42}},"98":{"start":{"line":183,"column":17},"end":{"line":183,"column":40}},"99":{"start":{"line":184,"column":2},"end":{"line":190,"column":3}},"100":{"start":{"line":184,"column":15},"end":{"line":184,"column":23}},"101":{"start":{"line":185,"column":4},"end":{"line":189,"column":5}},"102":{"start":{"line":185,"column":17},"end":{"line":185,"column":25}},"103":{"start":{"line":186,"column":6},"end":{"line":188,"column":7}},"104":{"start":{"line":187,"column":8},"end":{"line":187,"column":21}},"105":{"start":{"line":191,"column":2},"end":{"line":191,"column":14}},"106":{"start":{"line":195,"column":2},"end":{"line":210,"column":3}},"107":{"start":{"line":195,"column":19},"end":{"line":195,"column":20}},"108":{"start":{"line":196,"column":4},"end":{"line":209,"column":5}},"109":{"start":{"line":196,"column":19},"end":{"line":196,"column":20}},"110":{"start":{"line":197,"column":6},"end":{"line":208,"column":7}},"111":{"start":{"line":198,"column":8},"end":{"line":206,"column":9}},"112":{"start":{"line":198,"column":23},"end":{"line":198,"column":24}},"113":{"start":{"line":199,"column":10},"end":{"line":205,"column":11}},"114":{"start":{"line":200,"column":12},"end":{"line":200,"column":37}},"115":{"start":{"line":201,"column":12},"end":{"line":203,"column":13}},"116":{"start":{"line":202,"column":14},"end":{"line":202,"column":26}},"117":{"start":{"line":204,"column":12},"end":{"line":204,"column":35}},"118":{"start":{"line":207,"column":8},"end":{"line":207,"column":21}},"119":{"start":{"line":211,"column":2},"end":{"line":211,"column":14}},"120":{"start":{"line":217,"column":0},"end":{"line":233,"column":2}}},"fnMap":{"0":{"name":"(anonymous_0)","decl":{"start":{"line":4,"column":27},"end":{"line":4,"column":28}},"loc":{"start":{"line":4,"column":36},"end":{"line":6,"column":1}},"line":4},"1":{"name":"(anonymous_1)","decl":{"start":{"line":11,"column":12},"end":{"line":11,"column":13}},"loc":{"start":{"line":11,"column":22},"end":{"line":16,"column":1}},"line":11},"2":{"name":"(anonymous_2)","decl":{"start":{"line":21,"column":24},"end":{"line":21,"column":25}},"loc":{"start":{"line":21,"column":38},"end":{"line":30,"column":1}},"line":21},"3":{"name":"(anonymous_3)","decl":{"start":{"line":35,"column":27},"end":{"line":35,"column":28}},"loc":{"start":{"line":35,"column":33},"end":{"line":35,"column":61}},"line":35},"4":{"name":"(anonymous_4)","decl":{"start":{"line":40,"column":25},"end":{"line":40,"column":26}},"loc":{"start":{"line":40,"column":34},"end":{"line":46,"column":1}},"line":40},"5":{"name":"(anonymous_5)","decl":{"start":{"line":51,"column":25},"end":{"line":51,"column":26}},"loc":{"start":{"line":51,"column":34},"end":{"line":56,"column":1}},"line":51},"6":{"name":"(anonymous_6)","decl":{"start":{"line":61,"column":13},"end":{"line":61,"column":14}},"loc":{"start":{"line":61,"column":20},"end":{"line":69,"column":1}},"line":61},"7":{"name":"(anonymous_7)","decl":{"start":{"line":74,"column":35},"end":{"line":74,"column":36}},"loc":{"start":{"line":74,"column":41},"end":{"line":81,"column":1}},"line":74},"8":{"name":"(anonymous_8)","decl":{"start":{"line":86,"column":26},"end":{"line":86,"column":27}},"loc":{"start":{"line":86,"column":35},"end":{"line":92,"column":1}},"line":86},"9":{"name":"(anonymous_9)","decl":{"start":{"line":97,"column":29},"end":{"line":97,"column":30}},"loc":{"start":{"line":97,"column":38},"end":{"line":117,"column":1}},"line":97},"10":{"name":"quickSort","decl":{"start":{"line":122,"column":9},"end":{"line":122,"column":18}},"loc":{"start":{"line":122,"column":24},"end":{"line":133,"column":1}},"line":122},"11":{"name":"permuter","decl":{"start":{"line":138,"column":9},"end":{"line":138,"column":17}},"loc":{"start":{"line":138,"column":23},"end":{"line":149,"column":1}},"line":138},"12":{"name":"tspBrutForce","decl":{"start":{"line":151,"column":9},"end":{"line":151,"column":21}},"loc":{"start":{"line":151,"column":33},"end":{"line":171,"column":1}},"line":151},"13":{"name":"(anonymous_13)","decl":{"start":{"line":157,"column":23},"end":{"line":157,"column":24}},"loc":{"start":{"line":157,"column":33},"end":{"line":169,"column":3}},"line":157},"14":{"name":"estValide","decl":{"start":{"line":176,"column":9},"end":{"line":176,"column":18}},"loc":{"start":{"line":176,"column":44},"end":{"line":192,"column":1}},"line":176},"15":{"name":"resoudreSudoku","decl":{"start":{"line":194,"column":9},"end":{"line":194,"column":23}},"loc":{"start":{"line":194,"column":32},"end":{"line":212,"column":1}},"line":194}},"branchMap":{"0":{"loc":{"start":{"line":12,"column":2},"end":{"line":14,"column":3}},"type":"if","locations":[{"start":{"line":12,"column":2},"end":{"line":14,"column":3}},{"start":{},"end":{}}],"line":12},"1":{"loc":{"start":{"line":12,"column":6},"end":{"line":12,"column":52}},"type":"binary-expr","locations":[{"start":{"line":12,"column":6},"end":{"line":12,"column":27}},{"start":{"line":12,"column":31},"end":{"line":12,"column":52}}],"line":12},"2":{"loc":{"start":{"line":21,"column":25},"end":{"line":21,"column":33}},"type":"default-arg","locations":[{"start":{"line":21,"column":31},"end":{"line":21,"column":33}}],"line":21},"3":{"loc":{"start":{"line":23,"column":2},"end":{"line":25,"column":3}},"type":"if","locations":[{"start":{"line":23,"column":2},"end":{"line":25,"column":3}},{"start":{},"end":{}}],"line":23},"4":{"loc":{"start":{"line":52,"column":2},"end":{"line":54,"column":3}},"type":"if","locations":[{"start":{"line":52,"column":2},"end":{"line":54,"column":3}},{"start":{},"end":{}}],"line":52},"5":{"loc":{"start":{"line":62,"column":2},"end":{"line":64,"column":3}},"type":"if","locations":[{"start":{"line":62,"column":2},"end":{"line":64,"column":3}},{"start":{},"end":{}}],"line":62},"6":{"loc":{"start":{"line":65,"column":2},"end":{"line":67,"column":3}},"type":"if","locations":[{"start":{"line":65,"column":2},"end":{"line":67,"column":3}},{"start":{},"end":{}}],"line":65},"7":{"loc":{"start":{"line":65,"column":6},"end":{"line":65,"column":24}},"type":"binary-expr","locations":[{"start":{"line":65,"column":6},"end":{"line":65,"column":13}},{"start":{"line":65,"column":17},"end":{"line":65,"column":24}}],"line":65},"8":{"loc":{"start":{"line":103,"column":4},"end":{"line":105,"column":5}},"type":"if","locations":[{"start":{"line":103,"column":4},"end":{"line":105,"column":5}},{"start":{},"end":{}}],"line":103},"9":{"loc":{"start":{"line":103,"column":9},"end":{"line":103,"column":39}},"type":"binary-expr","locations":[{"start":{"line":103,"column":9},"end":{"line":103,"column":22}},{"start":{"line":103,"column":26},"end":{"line":103,"column":39}}],"line":103},"10":{"loc":{"start":{"line":106,"column":4},"end":{"line":108,"column":5}},"type":"if","locations":[{"start":{"line":106,"column":4},"end":{"line":108,"column":5}},{"start":{},"end":{}}],"line":106},"11":{"loc":{"start":{"line":106,"column":9},"end":{"line":106,"column":40}},"type":"binary-expr","locations":[{"start":{"line":106,"column":9},"end":{"line":106,"column":22}},{"start":{"line":106,"column":26},"end":{"line":106,"column":40}}],"line":106},"12":{"loc":{"start":{"line":109,"column":4},"end":{"line":111,"column":5}},"type":"if","locations":[{"start":{"line":109,"column":4},"end":{"line":111,"column":5}},{"start":{},"end":{}}],"line":109},"13":{"loc":{"start":{"line":109,"column":9},"end":{"line":109,"column":39}},"type":"binary-expr","locations":[{"start":{"line":109,"column":9},"end":{"line":109,"column":22}},{"start":{"line":109,"column":26},"end":{"line":109,"column":39}}],"line":109},"14":{"loc":{"start":{"line":112,"column":4},"end":{"line":114,"column":5}},"type":"if","locations":[{"start":{"line":112,"column":4},"end":{"line":114,"column":5}},{"start":{},"end":{}}],"line":112},"15":{"loc":{"start":{"line":123,"column":2},"end":{"line":123,"column":34}},"type":"if","locations":[{"start":{"line":123,"column":2},"end":{"line":123,"column":34}},{"start":{},"end":{}}],"line":123},"16":{"loc":{"start":{"line":129,"column":4},"end":{"line":130,"column":28}},"type":"if","locations":[{"start":{"line":129,"column":4},"end":{"line":130,"column":28}},{"start":{"line":130,"column":9},"end":{"line":130,"column":28}}],"line":129},"17":{"loc":{"start":{"line":139,"column":2},"end":{"line":139,"column":36}},"type":"if","locations":[{"start":{"line":139,"column":2},"end":{"line":139,"column":36}},{"start":{},"end":{}}],"line":139},"18":{"loc":{"start":{"line":165,"column":4},"end":{"line":168,"column":5}},"type":"if","locations":[{"start":{"line":165,"column":4},"end":{"line":168,"column":5}},{"start":{},"end":{}}],"line":165},"19":{"loc":{"start":{"line":178,"column":4},"end":{"line":180,"column":5}},"type":"if","locations":[{"start":{"line":178,"column":4},"end":{"line":180,"column":5}},{"start":{},"end":{}}],"line":178},"20":{"loc":{"start":{"line":178,"column":8},"end":{"line":178,"column":58}},"type":"binary-expr","locations":[{"start":{"line":178,"column":8},"end":{"line":178,"column":32}},{"start":{"line":178,"column":36},"end":{"line":178,"column":58}}],"line":178},"21":{"loc":{"start":{"line":186,"column":6},"end":{"line":188,"column":7}},"type":"if","locations":[{"start":{"line":186,"column":6},"end":{"line":188,"column":7}},{"start":{},"end":{}}],"line":186},"22":{"loc":{"start":{"line":197,"column":6},"end":{"line":208,"column":7}},"type":"if","locations":[{"start":{"line":197,"column":6},"end":{"line":208,"column":7}},{"start":{},"end":{}}],"line":197},"23":{"loc":{"start":{"line":199,"column":10},"end":{"line":205,"column":11}},"type":"if","locations":[{"start":{"line":199,"column":10},"end":{"line":205,"column":11}},{"start":{},"end":{}}],"line":199},"24":{"loc":{"start":{"line":201,"column":12},"end":{"line":203,"column":13}},"type":"if","locations":[{"start":{"line":201,"column":12},"end":{"line":203,"column":13}},{"start":{},"end":{}}],"line":201}},"s":{"0":1,"1":3,"2":1,"3":4,"4":2,"5":2,"6":1,"7":12,"8":12,"9":2,"10":10,"11":61,"12":10,"13":1,"14":2,"15":1,"16":2,"17":2,"18":2,"19":5,"20":2,"21":1,"22":3,"23":2,"24":1,"25":1,"26":21,"27":2,"28":19,"29":12,"30":7,"31":1,"32":1,"33":1,"34":1,"35":1,"36":26,"37":1,"38":1,"39":2,"40":2,"41":3,"42":2,"43":1,"44":2,"45":2,"46":2,"47":11,"48":11,"49":2,"50":11,"51":4,"52":11,"53":2,"54":11,"55":1,"56":2,"57":11,"58":7,"59":4,"60":4,"61":4,"62":4,"63":4,"64":9,"65":4,"66":5,"67":4,"68":16,"69":6,"70":10,"71":10,"72":10,"73":15,"74":15,"75":15,"76":15,"77":18,"78":10,"79":1,"80":1,"81":1,"82":1,"83":1,"84":6,"85":6,"86":6,"87":12,"88":6,"89":6,"90":1,"91":1,"92":1,"93":37652,"94":37652,"95":163074,"96":32043,"97":5609,"98":5609,"99":5609,"100":5609,"101":15636,"102":15636,"103":45420,"104":1401,"105":4208,"106":4209,"107":4209,"108":16962,"109":16962,"110":139258,"111":4208,"112":4208,"113":37652,"114":4208,"115":4208,"116":51,"117":4157,"118":4157,"119":1,"120":1},"f":{"0":3,"1":4,"2":12,"3":2,"4":2,"5":3,"6":21,"7":1,"8":2,"9":2,"10":11,"11":16,"12":1,"13":6,"14":37652,"15":4209},"b":{"0":[2,2],"1":[4,3],"2":[0],"3":[2,10],"4":[2,1],"5":[2,19],"6":[12,7],"7":[19,14],"8":[2,9],"9":[11,7],"10":[4,7],"11":[11,5],"12":[2,9],"13":[11,10],"14":[1,10],"15":[7,4],"16":[4,5],"17":[6,10],"18":[1,5],"19":[32043,131031],"20":[163074,143722],"21":[1401,44019],"22":[4208,135050],"23":[4208,33444],"24":[51,4157]},"_coverageSchema":"1a1c01bbd47fc00a2c39e90264f33305004495a9","hash":"46d21635ac8fcfc0bf503b5f88199e4c74fe2b4e"}
}
