TN:
SF:src\index.js
FN:4,(anonymous_0)
FN:12,(anonymous_1)
FN:27,(anonymous_2)
FN:41,(anonymous_3)
FN:46,(anonymous_4)
FN:61,(anonymous_5)
FN:73,(anonymous_6)
FN:90,(anonymous_7)
FN:102,(anonymous_8)
FN:118,(anonymous_9)
FN:136,quickSort
FN:152,permuter
FN:165,tspBrutForce
FN:177,(anonymous_13)
FN:198,grilleEstCompleteEtValide
FN:234,estValide
FN:254,resoudreSudoku
FNF:17
FNH:17
FNDA:3,(anonymous_0)
FNDA:4,(anonymous_1)
FNDA:11,(anonymous_2)
FNDA:2,(anonymous_3)
FNDA:3,(anonymous_4)
FNDA:4,(anonymous_5)
FNDA:1664081,(anonymous_6)
FNDA:1,(anonymous_7)
FNDA:3,(anonymous_8)
FNDA:3,(anonymous_9)
FNDA:20,quickSort
FNDA:7,permuter
FNDA:3,tspBrutForce
FNDA:3,(anonymous_13)
FNDA:2,grilleEstCompleteEtValide
FNDA:3195,estValide
FNDA:393,resoudreSudoku
DA:4,1
DA:6,3
DA:12,1
DA:14,4
DA:15,1
DA:18,3
DA:19,1
DA:21,2
DA:27,1
DA:28,11
DA:29,0
DA:31,11
DA:32,11
DA:33,59
DA:35,11
DA:41,2
DA:46,1
DA:48,3
DA:49,1
DA:51,2
DA:52,2
DA:53,5
DA:55,2
DA:61,1
DA:63,4
DA:64,2
DA:66,2
DA:73,1
DA:75,1664081
DA:76,2
DA:78,1664079
DA:79,0
DA:81,1664079
DA:82,832040
DA:84,832039
DA:90,1
DA:91,1
DA:92,1
DA:93,1
DA:94,26
DA:96,1
DA:102,1
DA:104,3
DA:105,1
DA:108,2
DA:109,2
DA:110,4
DA:112,2
DA:118,1
DA:119,3
DA:120,3
DA:121,8
DA:123,8
DA:127,7
DA:130,3
DA:137,20
DA:138,8
DA:139,8
DA:140,8
DA:142,8
DA:143,15
DA:144,7
DA:146,8
DA:153,7
DA:154,4
DA:155,4
DA:156,5
DA:157,5
DA:158,5
DA:159,5
DA:162,4
DA:166,3
DA:169,3
DA:170,1
DA:173,2
DA:174,2
DA:175,2
DA:177,2
DA:178,3
DA:179,3
DA:180,2
DA:184,3
DA:186,3
DA:187,2
DA:188,2
DA:191,2
DA:200,2
DA:201,10
DA:202,10
DA:203,83
DA:204,83
DA:205,83
DA:206,82
DA:210,1
DA:211,9
DA:212,9
DA:213,81
DA:214,81
DA:215,81
DA:219,1
DA:220,3
DA:221,9
DA:222,9
DA:223,27
DA:224,81
DA:225,81
DA:226,81
DA:231,1
DA:236,3195
DA:237,14291
DA:238,2540
DA:242,655
DA:243,655
DA:244,655
DA:245,1446
DA:246,4131
DA:247,264
DA:251,391
DA:256,393
DA:257,393
DA:258,1280
DA:259,10765
DA:260,391
DA:261,391
DA:264,1280
DA:267,393
DA:268,2
DA:272,391
DA:273,1262
DA:274,10603
DA:275,391
DA:276,3195
DA:277,391
DA:278,391
DA:279,81
DA:281,310
DA:285,310
DA:289,0
DA:295,1
LF:139
LH:136
BRDA:14,0,0,1
BRDA:14,0,1,3
BRDA:14,1,0,4
BRDA:14,1,1,3
BRDA:18,2,0,1
BRDA:18,2,1,2
BRDA:18,3,0,3
BRDA:18,3,1,2
BRDA:27,4,0,1
BRDA:28,5,0,0
BRDA:28,5,1,11
BRDA:48,6,0,1
BRDA:48,6,1,2
BRDA:63,7,0,2
BRDA:63,7,1,2
BRDA:64,8,0,1
BRDA:64,8,1,1
BRDA:66,9,0,1
BRDA:66,9,1,1
BRDA:75,10,0,2
BRDA:75,10,1,1664079
BRDA:75,11,0,1664081
BRDA:75,11,1,1664079
BRDA:78,12,0,0
BRDA:78,12,1,1664079
BRDA:81,13,0,832040
BRDA:81,13,1,832039
BRDA:81,14,0,1664079
BRDA:81,14,1,1346268
BRDA:104,15,0,1
BRDA:104,15,1,2
BRDA:123,16,0,7
BRDA:123,16,1,1
BRDA:123,17,0,8
BRDA:123,17,1,5
BRDA:123,17,2,4
BRDA:123,17,3,1
BRDA:123,17,4,3
BRDA:123,17,5,0
BRDA:123,17,6,3
BRDA:137,18,0,12
BRDA:137,18,1,8
BRDA:143,19,0,8
BRDA:143,19,1,7
BRDA:153,20,0,3
BRDA:153,20,1,4
BRDA:169,21,0,1
BRDA:169,21,1,2
BRDA:186,22,0,2
BRDA:186,22,1,1
BRDA:204,23,0,0
BRDA:204,23,1,83
BRDA:204,24,0,83
BRDA:204,24,1,83
BRDA:205,25,0,1
BRDA:205,25,1,82
BRDA:214,26,0,0
BRDA:214,26,1,81
BRDA:225,27,0,0
BRDA:225,27,1,81
BRDA:237,28,0,2540
BRDA:237,28,1,11751
BRDA:237,29,0,14291
BRDA:237,29,1,12333
BRDA:246,30,0,264
BRDA:246,30,1,3867
BRDA:259,31,0,391
BRDA:259,31,1,10374
BRDA:264,32,0,391
BRDA:264,32,1,889
BRDA:267,33,0,2
BRDA:267,33,1,391
BRDA:274,34,0,391
BRDA:274,34,1,10212
BRDA:276,35,0,391
BRDA:276,35,1,2804
BRDA:278,36,0,81
BRDA:278,36,1,310
BRF:78
BRH:72
end_of_record
