TN:
SF:src\index.js
FN:4,(anonymous_0)
FN:11,(anonymous_1)
FN:21,(anonymous_2)
FN:35,(anonymous_3)
FN:40,(anonymous_4)
FN:51,(anonymous_5)
FN:61,(anonymous_6)
FN:74,(anonymous_7)
FN:86,(anonymous_8)
FN:97,(anonymous_9)
FN:122,quickSort
FN:138,permuter
FN:151,tspBrutForce
FN:157,(anonymous_13)
FN:176,estValide
FN:194,resoudreSudoku
FNF:16
FNH:16
FNDA:3,(anonymous_0)
FNDA:4,(anonymous_1)
FNDA:12,(anonymous_2)
FNDA:2,(anonymous_3)
FNDA:2,(anonymous_4)
FNDA:3,(anonymous_5)
FNDA:21,(anonymous_6)
FNDA:1,(anonymous_7)
FNDA:2,(anonymous_8)
FNDA:2,(anonymous_9)
FNDA:11,quickSort
FNDA:16,permuter
FNDA:1,tspBrutForce
FNDA:6,(anonymous_13)
FNDA:37652,estValide
FNDA:4209,resoudreSudoku
DA:4,1
DA:5,3
DA:11,1
DA:12,4
DA:13,2
DA:15,2
DA:21,1
DA:22,12
DA:23,12
DA:24,2
DA:26,10
DA:27,61
DA:29,10
DA:35,2
DA:40,1
DA:41,2
DA:42,2
DA:43,5
DA:45,2
DA:51,1
DA:52,3
DA:53,2
DA:55,1
DA:61,1
DA:62,21
DA:63,2
DA:65,19
DA:66,12
DA:68,7
DA:74,1
DA:75,1
DA:76,1
DA:77,1
DA:78,26
DA:80,1
DA:86,1
DA:87,2
DA:88,2
DA:89,3
DA:91,2
DA:97,1
DA:98,2
DA:99,2
DA:100,11
DA:103,11
DA:104,2
DA:106,11
DA:107,4
DA:109,11
DA:110,2
DA:112,11
DA:113,1
DA:116,2
DA:123,11
DA:124,4
DA:125,4
DA:126,4
DA:128,4
DA:129,9
DA:130,5
DA:132,4
DA:139,16
DA:140,10
DA:141,10
DA:142,15
DA:143,15
DA:144,15
DA:145,18
DA:148,10
DA:152,1
DA:153,1
DA:154,1
DA:155,1
DA:157,1
DA:158,6
DA:159,6
DA:160,12
DA:163,6
DA:165,6
DA:166,1
DA:167,1
DA:170,1
DA:177,37652
DA:178,163074
DA:179,32043
DA:182,5609
DA:183,5609
DA:184,5609
DA:185,15636
DA:186,45420
DA:187,1401
DA:191,4208
DA:195,4209
DA:196,16962
DA:197,139258
DA:198,4208
DA:199,37652
DA:200,4208
DA:201,4208
DA:202,51
DA:204,4157
DA:207,4157
DA:211,1
DA:217,1
LF:104
LH:104
BRDA:12,0,0,2
BRDA:12,0,1,2
BRDA:12,1,0,4
BRDA:12,1,1,3
BRDA:21,2,0,0
BRDA:23,3,0,2
BRDA:23,3,1,10
BRDA:52,4,0,2
BRDA:52,4,1,1
BRDA:62,5,0,2
BRDA:62,5,1,19
BRDA:65,6,0,12
BRDA:65,6,1,7
BRDA:65,7,0,19
BRDA:65,7,1,14
BRDA:103,8,0,2
BRDA:103,8,1,9
BRDA:103,9,0,11
BRDA:103,9,1,7
BRDA:106,10,0,4
BRDA:106,10,1,7
BRDA:106,11,0,11
BRDA:106,11,1,5
BRDA:109,12,0,2
BRDA:109,12,1,9
BRDA:109,13,0,11
BRDA:109,13,1,10
BRDA:112,14,0,1
BRDA:112,14,1,10
BRDA:123,15,0,7
BRDA:123,15,1,4
BRDA:129,16,0,4
BRDA:129,16,1,5
BRDA:139,17,0,6
BRDA:139,17,1,10
BRDA:165,18,0,1
BRDA:165,18,1,5
BRDA:178,19,0,32043
BRDA:178,19,1,131031
BRDA:178,20,0,163074
BRDA:178,20,1,143722
BRDA:186,21,0,1401
BRDA:186,21,1,44019
BRDA:197,22,0,4208
BRDA:197,22,1,135050
BRDA:199,23,0,4208
BRDA:199,23,1,33444
BRDA:201,24,0,51
BRDA:201,24,1,4157
BRF:49
BRH:48
end_of_record
